++++++++++++++++++++++++++++++++++++++++++++++++++++++++++++++++++++++++++++
dataFile: /home/daniel/data/work/Grid/Legotrain-vAN-20150728-LHC12_QA-2nd/GammaConvCalo_LHC12h-pass1_120.root
mcFile1: /home/daniel/data/work/Grid/Legotrain-vAN-20150728-LHC12_QA-2nd/GammaConvCalo_MC_LHC14e2a-LHC12h_120.root
mcFile2: /home/daniel/data/work/Grid/Legotrain-vAN-20150728-LHC12_QA-2nd/GammaConvCalo_MC_LHC14e2c-LHC12h_120.root
Energy: 8TeV
pp, #sqrt{#it{s}} = 8 TeV
++++++++++++++++++++++++++++++++++++++++++++++++++++++++++++++++++++++++++++
processed cut: 0000011_00200009327000008250400000_11111063032230000_0163103100000000
EMCal, Modules: 10, Cells: 11520
Number of Bins: 25, analyzing pT-Bins: 
0.6-0.8, 0.8-1, 1-1.2, 1.2-1.4, 1.4-1.6, 1.6-1.8, 1.8-2, 2-2.2, 2.2-2.4, 2.4-2.6, 2.6-2.8, 2.8-3, 3-3.2, 3.2-3.4, 3.4-3.6, 3.6-3.8, 3.8-4, 4-4.5, 4.5-5, 5-5.5, 5.5-6, 6-7, 7-8, 8-10, 10-12, 
++++++++++++++++++++++++++++++++++++++++++++++++++++++++++++++++++++++++++++
Processing LHC14e2a-LHC12h, output-directory: 0000011_00200009327000008250400000_11111063032230000_0163103100000000/8TeV/ClusterQA/eps/LHC12h
Plotting Pythia8, cut: 0000011_00200009327000008250400000_11111063032230000_0163103100000000
NEvents: 1.36797e+07
++++++++++++++++++++++++++++++++++++++++++++++++++++++++++++++++++++++++++++
++++++++++++++++++++++++++++++++++++++++++++++++++++++++++++++++++++++++++++
Matching efficiencies: 
nDataMatches: 30228
nMCMatches: 22495
nTrueMCMatches: 22810
++++++++++++++++++++++++++++++++++++++++++++++++++++++++++++++++++++++++++++
nData/nMC: 134.377%
nData/nTrueMC: 132.521%
nMC/nTrueMC: 98.0666%, missing matches in MC: 441(1.93336%), too many matches in MC: 126(0.552389%)
++++++++++++++++++++++++++++++++++++++++++++++++++++++++++++++++++++++++++++
++++++++++++++++++++++++++++++++++++++++++++++++++++++++++++++++++++++++++++
++++++++++++++++++++++++++++++++++++++++++++++++++++++++++++++++++++++++++++
Output file: 0000011_00200009327000008250400000_11111063032230000_0163103100000000/8TeV/ClusterQA/ClusterQA_LHC14e2a-LHC12h.root
++++++++++++++++++++++++++++++++++++++++++++++++++++++++++++++++++++++++++++
++++++++++++++++++++++++++++++++++++++++++++++++++++++++++++++++++++++++++++
Processing LHC14e2c-LHC12h, output-directory: 0000011_00200009327000008250400000_11111063032230000_0163103100000000/8TeV/ClusterQA/eps/LHC12h
Plotting Phojet, cut: 0000011_00200009327000008250400000_11111063032230000_0163103100000000
NEvents: 1.22764e+07
++++++++++++++++++++++++++++++++++++++++++++++++++++++++++++++++++++++++++++
++++++++++++++++++++++++++++++++++++++++++++++++++++++++++++++++++++++++++++
Matching efficiencies: 
nDataMatches: 20433
nMCMatches: 15235
nTrueMCMatches: 15399
++++++++++++++++++++++++++++++++++++++++++++++++++++++++++++++++++++++++++++
nData/nMC: 134.119%
nData/nTrueMC: 132.69%
nMC/nTrueMC: 98.2726%, missing matches in MC: 266(1.72738%), too many matches in MC: 102(0.662381%)
++++++++++++++++++++++++++++++++++++++++++++++++++++++++++++++++++++++++++++
++++++++++++++++++++++++++++++++++++++++++++++++++++++++++++++++++++++++++++
++++++++++++++++++++++++++++++++++++++++++++++++++++++++++++++++++++++++++++
Output file: 0000011_00200009327000008250400000_11111063032230000_0163103100000000/8TeV/ClusterQA/ClusterQA_LHC14e2c-LHC12h.root
++++++++++++++++++++++++++++++++++++++++++++++++++++++++++++++++++++++++++++
++++++++++++++++++++++++++++++++++++++++++++++++++++++++++++++++++++++++++++
Processing LHC12h, output-directory: 0000011_00200009327000008250400000_11111063032230000_0163103100000000/8TeV/ClusterQA/eps/LHC12h
Plotting LHC12h, V0AND, cut: 0000011_00200009327000008250400000_11111063032230000_0163103100000000
NEvents: 1.3812e+07
++++++++++++++++++++++++++++++++++++++++++++++++++++++++++++++++++++++++++++
Output file: 0000011_00200009327000008250400000_11111063032230000_0163103100000000/8TeV/ClusterQA/ClusterQA_LHC12h.root
++++++++++++++++++++++++++++++++++++++++++++++++++++++++++++++++++++++++++++
Comparison:
ScaleEvents - Data: 7.24006e-08, Pythia: 7.31011e-08, Phojet: 8.1457e-08
++++++++++++++++++++++++++++++++++++++++++++++++++++++++++++++++++++++++++++
Suspicious cells from: Energy - Mean/Sigma
Total number of 1 cells
11044, 
++++++++++++++++++++++++++++++++++++++++++++++++++++++++++++++++++++++++++++
Suspicious cells from: Time - Mean/Sigma
Total number of 28 cells
3659, 3750, 3755, 3801, 4090, 4228, 4233, 5767, 5824, 5825, 5833, 7375, 9444, 9445, 9450, 9451, 9880, 9881, 9940, 9941, 10080, 10083, 10085, 10089, 10091, 10095, 10718, 10759, 
++++++++++++++++++++++++++++++++++++++++++++++++++++++++++++++++++++++++++++
Suspicious cells from: HotCells1D
Total number of 7 cells
3659, 9881, 9940, 10095, 10718, 11044, 11052, 
++++++++++++++++++++++++++++++++++++++++++++++++++++++++++++++++++++++++++++
Suspicious cells from: HotCellsTime1D
Total number of 28 cells
2245, 2581, 2665, 2745, 2884, 3659, 3740, 3750, 4230, 5767, 5824, 5825, 5833, 7375, 9450, 9451, 9880, 9881, 9940, 9941, 10080, 10083, 10085, 10089, 10091, 10095, 10718, 10759, 
++++++++++++++++++++++++++++++++++++++++++++++++++++++++++++++++++++++++++++
Suspicious cells from: HotCells2D
Total number of 0 cells

++++++++++++++++++++++++++++++++++++++++++++++++++++++++++++++++++++++++++++
Suspicious cells from: Missing MC-Data
Total number of 0 cells

++++++++++++++++++++++++++++++++++++++++++++++++++++++++++++++++++++++++++++
AllCells.size before sort and unique: 64.Finally 37 different cells found!
2245, 2581, 2665, 2745, 2884, 3659, 3740, 3750, 3755, 3801, 4090, 4228, 4230, 4233, 5767, 5824, 5825, 5833, 7375, 9444, 9445, 9450, 9451, 9880, 9881, 9940, 9941, 10080, 10083, 10085, 10089, 10091, 10095, 10718, 10759, 11044, 11052, 
++++++++++++++++++++++++++++++++++++++++++++++++++++++++++++++++++++++++++++
++++++++++++++++++++++++++++++++++++++++++++++++++++++++++++++++++++++++++++
Reopening Output file: 0000011_00200009327000008250400000_11111063032230000_0163103100000000/8TeV/ClusterQA/ClusterQA_LHC12h.root to store BadCellCandidates
++++++++++++++++++++++++++++++++++++++++++++++++++++++++++++++++++++++++++++
